{
  "RSpec": {
    "coverage": {
      "/Users/ramberri/rdy/rails_api_base/spec/requests/api/v1/passwords/create_spec.rb": [
        1,
        null,
        1,
        6,
        null,
        1,
        4,
        null,
        1,
        1,
        1,
        null,
        null,
        1,
        1,
        1,
        null,
        null,
        1,
        2,
        2,
        null,
        null,
        null,
        1,
        1,
        1,
        1,
        null,
        null,
        1,
        1,
        1,
        2,
        null,
        null,
        null
      ],
      "/Users/ramberri/rdy/rails_api_base/spec/requests/api/v1/passwords/edit_spec.rb": [
        1,
        null,
        1,
        2,
        2,
        1,
        null,
        null,
        null,
        1,
        null,
        null,
        1,
        1,
        1,
        1,
        1,
        null,
        null
      ],
      "/Users/ramberri/rdy/rails_api_base/spec/requests/api/v1/passwords/update_spec.rb": [
        1,
        1,
        3,
        3,
        1,
        2,
        null,
        null,
        null,
        2,
        2,
        null,
        null,
        null,
        null,
        2,
        null,
        3,
        1,
        null,
        null,
        null,
        2,
        null,
        null,
        1,
        1,
        1,
        1,
        null,
        null,
        null,
        1,
        1,
        1,
        1,
        1,
        null,
        null,
        null
      ],
      "/Users/ramberri/rdy/rails_api_base/spec/requests/api/v1/sessions/create_spec.rb": [
        1,
        null,
        1,
        5,
        1,
        null,
        null,
        null,
        null,
        null,
        null,
        4,
        null,
        5,
        null,
        1,
        1,
        3,
        null,
        null,
        null,
        null,
        null,
        null,
        3,
        null,
        null,
        1,
        1,
        null,
        null,
        1,
        1,
        1,
        1,
        1,
        1,
        1,
        1,
        null,
        null,
        1,
        1,
        1,
        1,
        null,
        null,
        null,
        1,
        1,
        1,
        null,
        null,
        null,
        null,
        null,
        1,
        null,
        1,
        1,
        null,
        null,
        1,
        null,
        null,
        null
      ],
      "/Users/ramberri/rdy/rails_api_base/spec/requests/api/v1/sessions/destroy_spec.rb": [
        1,
        null,
        1,
        3,
        null,
        1,
        1,
        1,
        1,
        null,
        null,
        1,
        1,
        1,
        1,
        2,
        null,
        null,
        null,
        1,
        1,
        1,
        1,
        null,
        null,
        null
      ],
      "/Users/ramberri/rdy/rails_api_base/spec/requests/api/v1/users/create_spec.rb": [
        1,
        null,
        1,
        2,
        4,
        null,
        1,
        10,
        8,
        6,
        6,
        10,
        10,
        null,
        1,
        null,
        null,
        null,
        null,
        null,
        null,
        null,
        null,
        null,
        9,
        null,
        null,
        1,
        1,
        null,
        1,
        null,
        null,
        1,
        1,
        1,
        null,
        null,
        null,
        1,
        1,
        null,
        1,
        1,
        1,
        1,
        1,
        1,
        1,
        null,
        null,
        1,
        3,
        null,
        1,
        1,
        1,
        2,
        null,
        null,
        1,
        1,
        null,
        1,
        null,
        null,
        null,
        1,
        3,
        3,
        2,
        null,
        1,
        1,
        null,
        1,
        null,
        null,
        1,
        1,
        null,
        1,
        null,
        null,
        null,
        1,
        3,
        3,
        2,
        null,
        1,
        1,
        null,
        1,
        null,
        null,
        1,
        1,
        null,
        1,
        null,
        null,
        null,
        null
      ],
      "/Users/ramberri/rdy/rails_api_base/spec/requests/api/v1/users/profile_spec.rb": [
        1,
        null,
        1,
        3,
        null,
        1,
        1,
        1,
        null,
        null,
        1,
        1,
        null,
        1,
        1,
        null,
        null
      ],
      "/Users/ramberri/rdy/rails_api_base/spec/requests/api/v1/users/show_spec.rb": [
        1,
        null,
        1,
        3,
        null,
        1,
        1,
        1,
        null,
        null,
        1,
        1,
        null,
        1,
        1,
        null,
        null
      ],
      "/Users/ramberri/rdy/rails_api_base/spec/requests/api/v1/users/update_spec.rb": [
        1,
        null,
        1,
        8,
        8,
        null,
        1,
        4,
        null,
        1,
        1,
        1,
        null,
        null,
        1,
        1,
        1,
        null,
        null,
        1,
        1,
        null,
        1,
        1,
        null,
        null,
        null,
        1,
        4,
        null,
        1,
        1,
        1,
        null,
        null,
        1,
        1,
        1,
        null,
        null,
        1,
        1,
        1,
        null,
        null,
        null,
        1,
        1,
        1,
        1,
        null,
        null,
        null
      ],
      "/Users/ramberri/rdy/rails_api_base/spec/routing/registrations_routing_spec.rb": [
        1,
        null,
        1,
        1,
        1,
        1,
        null,
        null,
        null
      ],
      "/Users/ramberri/rdy/rails_api_base/app/controllers/api/v1/sessions_controller.rb": [
        1,
        1,
        1,
        1,
        1,
        null,
        1,
        null,
        1,
        16,
        null,
        null,
        1,
        3,
        null,
        null,
        null,
        null
      ],
      "/Users/ramberri/rdy/rails_api_base/app/controllers/api/concerns/act_as_api_request.rb": [
        1,
        1,
        1,
        1,
        null,
        1,
        4,
        4,
        4,
        null,
        null,
        1,
        27,
        null,
        0,
        null,
        null,
        1,
        null,
        null,
        37,
        null,
        null,
        1,
        4,
        null,
        null,
        4,
        null,
        null,
        1,
        27,
        null,
        null,
        null,
        null
      ],
      "/Users/ramberri/rdy/rails_api_base/spec/routing/sessions_routing_spec.rb": [
        1,
        null,
        1,
        1,
        1,
        1,
        null,
        null,
        1,
        1,
        null,
        null,
        null
      ],
      "/Users/ramberri/rdy/rails_api_base/spec/routing/user_routing_spec.rb": [
        1,
        null,
        1,
        1,
        1,
        1,
        null,
        null,
        1,
        1,
        null,
        null,
        1,
        1,
        null,
        null,
        null
      ],
      "/Users/ramberri/rdy/rails_api_base/app/controllers/api/v1/users_controller.rb": [
        1,
        1,
        1,
        1,
        null,
        1,
        2,
        null,
        null,
        1,
        7,
        3,
        null,
        null,
        1,
        null,
        1,
        7,
        null,
        null,
        null,
        null
      ],
      "/Users/ramberri/rdy/rails_api_base/app/controllers/api/v1/api_controller.rb": [
        1,
        1,
        1,
        1,
        1,
        null,
        1,
        null,
        1,
        1,
        null,
        1,
        1,
        1,
        1,
        1,
        1,
        null,
        1,
        0,
        null,
        null,
        1,
        null,
        1,
        0,
        null,
        null,
        0,
        null,
        0,
        null,
        0,
        null,
        0,
        null,
        null,
        1,
        0,
        0,
        null,
        null,
        1,
        3,
        3,
        null,
        null,
        1,
        1,
        1,
        null,
        null,
        null,
        null
      ],
      "/Users/ramberri/rdy/rails_api_base/app/controllers/api/v1/passwords_controller.rb": [
        1,
        1,
        1,
        1,
        1,
        1,
        null,
        null,
        null
      ],
      "/Users/ramberri/rdy/rails_api_base/app/controllers/api/v1/registrations_controller.rb": [
        1,
        1,
        1,
        1,
        1,
        null,
        1,
        null,
        1,
        36,
        null,
        null,
        null,
        1,
        3,
        null,
        null,
        null,
        null
      ]
    },
    "timestamp": 1554719484
  }
}
